<?xml version="1.0" encoding="UTF-8"?>
<!-- Generated by org.testng.reporters.JUnitReportReporter -->
<testsuite hostname="QT-INHD-LT0401" failures="1" tests="4" name="com.Allurereport.Allure1" time="5.147" errors="0" timestamp="2022-11-24T08:51:11 IST" skipped="1">
  <testcase classname="com.Allurereport.Allure1" name="Verifylogin" time="1.347"/>
  <system-out/>
  <testcase classname="com.Allurereport.Allure1" name="HomePage" time="3.637"/>
  <system-out/>
  <testcase classname="com.Allurereport.Allure1" name="ItemSelection" time="0.161">
    <failure message="The Actual test is not same as expected
Actual Text: Apple iPhone 14 128GB Blu
Expected: Apple iPhone 14 128GB Blue
 expected [Apple iPhone 14 128GB Blu] but found [Apple iPhone 14 128GB Blue]" type="java.lang.AssertionError">
      <![CDATA[java.lang.AssertionError: The Actual test is not same as expected
Actual Text: Apple iPhone 14 128GB Blu
Expected: Apple iPhone 14 128GB Blue
 expected [Apple iPhone 14 128GB Blu] but found [Apple iPhone 14 128GB Blue]
at org.testng.Assert.fail(Assert.java:99)
at org.testng.Assert.failNotEquals(Assert.java:1037)
at org.testng.Assert.assertEqualsImpl(Assert.java:140)
at org.testng.Assert.assertEquals(Assert.java:122)
at org.testng.Assert.assertEquals(Assert.java:629)
at com.Allurereport.Allure1.ItemSelection(Allure1.java:74)
at java.base/jdk.internal.reflect.DirectMethodHandleAccessor.invoke(DirectMethodHandleAccessor.java:104)
at java.base/java.lang.reflect.Method.invoke(Method.java:577)
at org.testng.internal.MethodInvocationHelper.invokeMethod(MethodInvocationHelper.java:133)
at org.testng.internal.TestInvoker.invokeMethod(TestInvoker.java:598)
at org.testng.internal.TestInvoker.invokeTestMethod(TestInvoker.java:173)
at org.testng.internal.MethodRunner.runInSequence(MethodRunner.java:46)
at org.testng.internal.TestInvoker$MethodInvocationAgent.invoke(TestInvoker.java:824)
at org.testng.internal.TestInvoker.invokeTestMethods(TestInvoker.java:146)
at org.testng.internal.TestMethodWorker.invokeTestMethods(TestMethodWorker.java:146)
at org.testng.internal.TestMethodWorker.run(TestMethodWorker.java:128)
at java.base/java.util.ArrayList.forEach(ArrayList.java:1511)
at org.testng.TestRunner.privateRun(TestRunner.java:794)
at org.testng.TestRunner.run(TestRunner.java:596)
at org.testng.SuiteRunner.runTest(SuiteRunner.java:377)
at org.testng.SuiteRunner.runSequentially(SuiteRunner.java:371)
at org.testng.SuiteRunner.privateRun(SuiteRunner.java:332)
at org.testng.SuiteRunner.run(SuiteRunner.java:276)
at org.testng.SuiteRunnerWorker.runSuite(SuiteRunnerWorker.java:53)
at org.testng.SuiteRunnerWorker.run(SuiteRunnerWorker.java:96)
at org.testng.TestNG.runSuitesSequentially(TestNG.java:1212)
at org.testng.TestNG.runSuitesLocally(TestNG.java:1134)
at org.testng.TestNG.runSuites(TestNG.java:1063)
at org.testng.TestNG.run(TestNG.java:1031)
at org.testng.remote.AbstractRemoteTestNG.run(AbstractRemoteTestNG.java:115)
at org.testng.remote.RemoteTestNG.initAndRun(RemoteTestNG.java:251)
at org.testng.remote.RemoteTestNG.main(RemoteTestNG.java:77)
]]>
    </failure>
  </testcase> <!-- ItemSelection -->
  <system-out/>
  <testcase classname="com.Allurereport.Allure1" name="selectitem" time="0.002">
    <skipped/>
  </testcase> <!-- selectitem -->
  <system-out/>
</testsuite> <!-- com.Allurereport.Allure1 -->
