<?xml version="1.0" encoding="UTF-8"?>
<!-- Generated by org.testng.reporters.JUnitXMLReporter -->
<testsuite ignored="0" hostname="QT-INHD-LT0401" failures="2" tests="8" name="allurereport" time="31.586" errors="0" timestamp="2022-11-25T00:32:58 IST">
  <testcase classname="TestCases.AmazonAppTestCases" name="setBrowserrr" time="10.257">
    <failure type="java.lang.AssertionError" message="The expected url is not similar as Actual 
Amazon.in
ActualTitle: Amazon Sign In expected [Amazon Sign In] but found [Amazon.in]">
      <![CDATA[java.lang.AssertionError: The expected url is not similar as Actual 
Amazon.in
ActualTitle: Amazon Sign In expected [Amazon Sign In] but found [Amazon.in]
at TestCases.AmazonAppTestCases.setBrowserrr(AmazonAppTestCases.java:35)
at java.base/java.util.concurrent.ThreadPoolExecutor.runWorker(ThreadPoolExecutor.java:1136)
at java.base/java.util.concurrent.ThreadPoolExecutor$Worker.run(ThreadPoolExecutor.java:635)
at java.base/java.lang.Thread.run(Thread.java:833)
... Removed 15 stack frames]]>
    </failure>
  </testcase> <!-- setBrowserrr -->
  <testcase classname="TestCases.AmazonAppTestCases" name="testdriver1" time="0.005"/>
  <testcase classname="TestCases.AmazonAppTestCases" name="verifyLoginPage" time="3.229">
    <failure type="org.openqa.selenium.StaleElementReferenceException" message="stale element reference: element is not attached to the page document
  (Session info: chrome=107.0.5304.107)
For documentation on this error, please visit: https://selenium.dev/exceptions/#stale_element_reference
Build info: version: &amp;apos;4.5.0&amp;apos;, revision: &amp;apos;fe167b119a&amp;apos;
System info: os.name: &amp;apos;Windows 10&amp;apos;, os.arch: &amp;apos;amd64&amp;apos;, os.version: &amp;apos;10.0&amp;apos;, java.version: &amp;apos;18.0.2.1&amp;apos;
Driver info: org.openqa.selenium.chrome.ChromeDriver
Command: [13018b832bf80ed150e53ef242ea7daf, isElementDisplayed {id=304ae19b-c94d-481a-b508-a7356643b6ab}]
Capabilities {acceptInsecureCerts: false, browserName: chrome, browserVersion: 107.0.5304.107, chrome: {chromedriverVersion: 107.0.5304.62 (1eec40d3a576..., userDataDir: C:\Users\MAHESH~1.AMI\AppDa...}, goog:chromeOptions: {debuggerAddress: localhost:58858}, networkConnectionEnabled: false, pageLoadStrategy: normal, platformName: WINDOWS, proxy: Proxy(), se:cdp: ws://localhost:58858/devtoo..., se:cdpVersion: 107.0.5304.107, setWindowRect: true, strictFileInteractability: false, timeouts: {implicit: 0, pageLoad: 300000, script: 30000}, unhandledPromptBehavior: dismiss and notify, webauthn:extension:credBlob: true, webauthn:extension:largeBlob: true, webauthn:virtualAuthenticators: true}
Element: [[ChromeDriver: chrome on WINDOWS (13018b832bf80ed150e53ef242ea7daf)] -&amp;gt; xpath: //input[@id=&amp;apos;continue&amp;apos;]]
Session ID: 13018b832bf80ed150e53ef242ea7daf">
      <![CDATA[org.openqa.selenium.StaleElementReferenceException: stale element reference: element is not attached to the page document
  (Session info: chrome=107.0.5304.107)
For documentation on this error, please visit: https://selenium.dev/exceptions/#stale_element_reference
Build info: version: '4.5.0', revision: 'fe167b119a'
System info: os.name: 'Windows 10', os.arch: 'amd64', os.version: '10.0', java.version: '18.0.2.1'
Driver info: org.openqa.selenium.chrome.ChromeDriver
Command: [13018b832bf80ed150e53ef242ea7daf, isElementDisplayed {id=304ae19b-c94d-481a-b508-a7356643b6ab}]
Capabilities {acceptInsecureCerts: false, browserName: chrome, browserVersion: 107.0.5304.107, chrome: {chromedriverVersion: 107.0.5304.62 (1eec40d3a576..., userDataDir: C:\Users\MAHESH~1.AMI\AppDa...}, goog:chromeOptions: {debuggerAddress: localhost:58858}, networkConnectionEnabled: false, pageLoadStrategy: normal, platformName: WINDOWS, proxy: Proxy(), se:cdp: ws://localhost:58858/devtoo..., se:cdpVersion: 107.0.5304.107, setWindowRect: true, strictFileInteractability: false, timeouts: {implicit: 0, pageLoad: 300000, script: 30000}, unhandledPromptBehavior: dismiss and notify, webauthn:extension:credBlob: true, webauthn:extension:largeBlob: true, webauthn:virtualAuthenticators: true}
Element: [[ChromeDriver: chrome on WINDOWS (13018b832bf80ed150e53ef242ea7daf)] -> xpath: //input[@id='continue']]
Session ID: 13018b832bf80ed150e53ef242ea7daf
at org.openqa.selenium.remote.codec.w3c.W3CHttpResponseCodec.createException(W3CHttpResponseCodec.java:200)
at org.openqa.selenium.remote.codec.w3c.W3CHttpResponseCodec.decode(W3CHttpResponseCodec.java:133)
at org.openqa.selenium.remote.codec.w3c.W3CHttpResponseCodec.decode(W3CHttpResponseCodec.java:53)
at org.openqa.selenium.remote.HttpCommandExecutor.execute(HttpCommandExecutor.java:184)
at org.openqa.selenium.remote.service.DriverCommandExecutor.invokeExecute(DriverCommandExecutor.java:167)
at org.openqa.selenium.remote.service.DriverCommandExecutor.execute(DriverCommandExecutor.java:142)
at org.openqa.selenium.remote.RemoteWebDriver.execute(RemoteWebDriver.java:547)
at org.openqa.selenium.remote.RemoteWebElement.execute(RemoteWebElement.java:257)
at org.openqa.selenium.remote.RemoteWebElement.isDisplayed(RemoteWebElement.java:313)
at Pages.Amazon_Sign_Page.loginPage(Amazon_Sign_Page.java:41)
at TestCases.AmazonAppTestCases.verifyLoginPage(AmazonAppTestCases.java:49)
at java.base/java.util.concurrent.ThreadPoolExecutor.runWorker(ThreadPoolExecutor.java:1136)
at java.base/java.util.concurrent.ThreadPoolExecutor$Worker.run(ThreadPoolExecutor.java:635)
at java.base/java.lang.Thread.run(Thread.java:833)
... Removed 13 stack frames]]>
    </failure>
  </testcase> <!-- verifyLoginPage -->
  <testcase classname="TestCases.AmazonAppTestCases" name="verifyHomePage" time="2.146"/>
  <testcase classname="TestCases.AmazonAppTestCases" name="selectitem" time="0.241"/>
  <testcase classname="TestCases.AmazonAppTestCases" name="addcart" time="11.242"/>
  <testcase classname="TestCases.AmazonAppTestCases" name="proceedtoBuy" time="4.271"/>
  <testcase classname="TestCases.AmazonAppTestCases" name="skip" time="0.002">
    <skipped/>
  </testcase> <!-- skip -->
</testsuite> <!-- allurereport -->
